{"C:\\Users\\guill\\OneDrive\\Documentos\\GitHub\\traductor-chilensis\\api-gateway\\src\\app.controller.ts": {"path":"C:\\Users\\guill\\OneDrive\\Documentos\\GitHub\\traductor-chilensis\\api-gateway\\src\\app.controller.ts","statementMap":{"0":{"start":{"line":1,"column":0},"end":{"line":1,"column":49}},"1":{"start":{"line":2,"column":0},"end":{"line":2,"column":43}},"2":{"start":{"line":5,"column":7},"end":{"line":12,"column":null}},"3":{"start":{"line":6,"column":31},"end":{"line":6,"column":43}},"4":{"start":{"line":10,"column":4},"end":{"line":10,"column":38}},"5":{"start":{"line":5,"column":13},"end":{"line":5,"column":26}},"6":{"start":{"line":9,"column":2},"end":{"line":11,"column":null}},"7":{"start":{"line":5,"column":13},"end":{"line":12,"column":null}}},"fnMap":{"0":{"name":"(anonymous_2)","decl":{"start":{"line":6,"column":2},"end":{"line":6,"column":31}},"loc":{"start":{"line":6,"column":53},"end":{"line":6,"column":57}}},"1":{"name":"(anonymous_3)","decl":{"start":{"line":9,"column":2},"end":{"line":9,"column":10}},"loc":{"start":{"line":9,"column":10},"end":{"line":11,"column":3}}}},"branchMap":{},"s":{"0":1,"1":1,"2":1,"3":4,"4":3,"5":1,"6":1,"7":1},"f":{"0":4,"1":3},"b":{}}
,"C:\\Users\\guill\\OneDrive\\Documentos\\GitHub\\traductor-chilensis\\api-gateway\\src\\app.module.ts": {"path":"C:\\Users\\guill\\OneDrive\\Documentos\\GitHub\\traductor-chilensis\\api-gateway\\src\\app.module.ts","statementMap":{"0":{"start":{"line":1,"column":0},"end":{"line":1,"column":40}},"1":{"start":{"line":2,"column":0},"end":{"line":2,"column":48}},"2":{"start":{"line":3,"column":0},"end":{"line":3,"column":66}},"3":{"start":{"line":4,"column":0},"end":{"line":4,"column":67}},"4":{"start":{"line":5,"column":0},"end":{"line":5,"column":74}},"5":{"start":{"line":18,"column":7},"end":{"line":18,"column":null}},"6":{"start":{"line":18,"column":13},"end":{"line":18,"column":22}},"7":{"start":{"line":18,"column":13},"end":{"line":18,"column":null}}},"fnMap":{},"branchMap":{},"s":{"0":1,"1":1,"2":1,"3":1,"4":1,"5":1,"6":1,"7":1},"f":{},"b":{}}
,"C:\\Users\\guill\\OneDrive\\Documentos\\GitHub\\traductor-chilensis\\api-gateway\\src\\app.service.ts": {"path":"C:\\Users\\guill\\OneDrive\\Documentos\\GitHub\\traductor-chilensis\\api-gateway\\src\\app.service.ts","statementMap":{"0":{"start":{"line":1,"column":0},"end":{"line":1,"column":44}},"1":{"start":{"line":4,"column":7},"end":{"line":8,"column":null}},"2":{"start":{"line":6,"column":4},"end":{"line":6,"column":26}},"3":{"start":{"line":4,"column":13},"end":{"line":4,"column":23}},"4":{"start":{"line":4,"column":13},"end":{"line":8,"column":null}}},"fnMap":{"0":{"name":"(anonymous_1)","decl":{"start":{"line":5,"column":2},"end":{"line":5,"column":10}},"loc":{"start":{"line":5,"column":10},"end":{"line":7,"column":3}}}},"branchMap":{},"s":{"0":2,"1":2,"2":5,"3":2,"4":2},"f":{"0":5},"b":{}}
,"C:\\Users\\guill\\OneDrive\\Documentos\\GitHub\\traductor-chilensis\\api-gateway\\src\\main.ts": {"path":"C:\\Users\\guill\\OneDrive\\Documentos\\GitHub\\traductor-chilensis\\api-gateway\\src\\main.ts","statementMap":{"0":{"start":{"line":1,"column":0},"end":{"line":1,"column":43}},"1":{"start":{"line":2,"column":0},"end":{"line":2,"column":41}},"2":{"start":{"line":5,"column":14},"end":{"line":5,"column":49}},"3":{"start":{"line":7,"column":2},"end":{"line":11,"column":5}},"4":{"start":{"line":13,"column":15},"end":{"line":13,"column":39}},"5":{"start":{"line":14,"column":2},"end":{"line":14,"column":25}},"6":{"start":{"line":15,"column":2},"end":{"line":15,"column":60}},"7":{"start":{"line":16,"column":2},"end":{"line":16,"column":73}},"8":{"start":{"line":18,"column":0},"end":{"line":18,"column":12}}},"fnMap":{"0":{"name":"bootstrap","decl":{"start":{"line":4,"column":15},"end":{"line":4,"column":24}},"loc":{"start":{"line":4,"column":24},"end":{"line":17,"column":1}}}},"branchMap":{"0":{"loc":{"start":{"line":13,"column":15},"end":{"line":13,"column":39}},"type":"binary-expr","locations":[{"start":{"line":13,"column":15},"end":{"line":13,"column":31}},{"start":{"line":13,"column":35},"end":{"line":13,"column":39}}]}},"s":{"0":0,"1":0,"2":0,"3":0,"4":0,"5":0,"6":0,"7":0,"8":0},"f":{"0":0},"b":{"0":[0,0]}}
,"C:\\Users\\guill\\OneDrive\\Documentos\\GitHub\\traductor-chilensis\\api-gateway\\src\\resolvers\\chilensis.resolver.ts": {"path":"C:\\Users\\guill\\OneDrive\\Documentos\\GitHub\\traductor-chilensis\\api-gateway\\src\\resolvers\\chilensis.resolver.ts","statementMap":{"0":{"start":{"line":1,"column":0},"end":{"line":1,"column":71}},"1":{"start":{"line":2,"column":0},"end":{"line":2,"column":75}},"2":{"start":{"line":5,"column":7},"end":{"line":64,"column":null}},"3":{"start":{"line":6,"column":31},"end":{"line":6,"column":42}},"4":{"start":{"line":11,"column":4},"end":{"line":11,"column":50}},"5":{"start":{"line":17,"column":4},"end":{"line":17,"column":52}},"6":{"start":{"line":22,"column":4},"end":{"line":22,"column":48}},"7":{"start":{"line":28,"column":4},"end":{"line":28,"column":43}},"8":{"start":{"line":33,"column":4},"end":{"line":33,"column":54}},"9":{"start":{"line":39,"column":4},"end":{"line":39,"column":40}},"10":{"start":{"line":48,"column":4},"end":{"line":48,"column":50}},"11":{"start":{"line":54,"column":4},"end":{"line":54,"column":49}},"12":{"start":{"line":62,"column":4},"end":{"line":62,"column":65}},"13":{"start":{"line":5,"column":13},"end":{"line":5,"column":30}},"14":{"start":{"line":10,"column":8},"end":{"line":12,"column":null}},"15":{"start":{"line":16,"column":8},"end":{"line":18,"column":null}},"16":{"start":{"line":21,"column":8},"end":{"line":23,"column":null}},"17":{"start":{"line":21,"column":45},"end":{"line":21,"column":48}},"18":{"start":{"line":27,"column":8},"end":{"line":29,"column":null}},"19":{"start":{"line":32,"column":8},"end":{"line":34,"column":null}},"20":{"start":{"line":38,"column":8},"end":{"line":40,"column":null}},"21":{"start":{"line":44,"column":8},"end":{"line":49,"column":null}},"22":{"start":{"line":53,"column":8},"end":{"line":55,"column":null}},"23":{"start":{"line":58,"column":8},"end":{"line":63,"column":null}},"24":{"start":{"line":59,"column":30},"end":{"line":59,"column":33}},"25":{"start":{"line":5,"column":13},"end":{"line":64,"column":null}}},"fnMap":{"0":{"name":"(anonymous_4)","decl":{"start":{"line":6,"column":2},"end":{"line":6,"column":31}},"loc":{"start":{"line":6,"column":63},"end":{"line":6,"column":67}}},"1":{"name":"(anonymous_5)","decl":{"start":{"line":10,"column":2},"end":{"line":10,"column":7}},"loc":{"start":{"line":10,"column":67},"end":{"line":12,"column":3}}},"2":{"name":"(anonymous_6)","decl":{"start":{"line":16,"column":2},"end":{"line":16,"column":7}},"loc":{"start":{"line":16,"column":71},"end":{"line":18,"column":3}}},"3":{"name":"(anonymous_7)","decl":{"start":{"line":21,"column":2},"end":{"line":21,"column":7}},"loc":{"start":{"line":21,"column":62},"end":{"line":23,"column":3}}},"4":{"name":"(anonymous_8)","decl":{"start":{"line":27,"column":2},"end":{"line":27,"column":7}},"loc":{"start":{"line":27,"column":16},"end":{"line":29,"column":3}}},"5":{"name":"(anonymous_9)","decl":{"start":{"line":32,"column":2},"end":{"line":32,"column":7}},"loc":{"start":{"line":32,"column":62},"end":{"line":34,"column":3}}},"6":{"name":"(anonymous_10)","decl":{"start":{"line":38,"column":2},"end":{"line":38,"column":7}},"loc":{"start":{"line":38,"column":14},"end":{"line":40,"column":3}}},"7":{"name":"(anonymous_11)","decl":{"start":{"line":44,"column":2},"end":{"line":44,"column":7}},"loc":{"start":{"line":46,"column":55},"end":{"line":49,"column":3}}},"8":{"name":"(anonymous_12)","decl":{"start":{"line":53,"column":2},"end":{"line":53,"column":7}},"loc":{"start":{"line":53,"column":49},"end":{"line":55,"column":3}}},"9":{"name":"(anonymous_13)","decl":{"start":{"line":58,"column":2},"end":{"line":58,"column":7}},"loc":{"start":{"line":60,"column":34},"end":{"line":63,"column":3}}},"10":{"name":"(anonymous_14)","decl":{"start":{"line":21,"column":39},"end":{"line":21,"column":42}},"loc":{"start":{"line":21,"column":45},"end":{"line":21,"column":48}}},"11":{"name":"(anonymous_15)","decl":{"start":{"line":59,"column":24},"end":{"line":59,"column":27}},"loc":{"start":{"line":59,"column":30},"end":{"line":59,"column":33}}}},"branchMap":{},"s":{"0":2,"1":2,"2":2,"3":28,"4":3,"5":3,"6":2,"7":2,"8":2,"9":3,"10":3,"11":2,"12":3,"13":2,"14":2,"15":2,"16":2,"17":0,"18":2,"19":2,"20":2,"21":2,"22":2,"23":2,"24":0,"25":2},"f":{"0":28,"1":3,"2":3,"3":2,"4":2,"5":2,"6":3,"7":3,"8":2,"9":3,"10":0,"11":0},"b":{}}
,"C:\\Users\\guill\\OneDrive\\Documentos\\GitHub\\traductor-chilensis\\api-gateway\\src\\services\\microservicios.service.ts": {"path":"C:\\Users\\guill\\OneDrive\\Documentos\\GitHub\\traductor-chilensis\\api-gateway\\src\\services\\microservicios.service.ts","statementMap":{"0":{"start":{"line":1,"column":0},"end":{"line":1,"column":52}},"1":{"start":{"line":2,"column":0},"end":{"line":2,"column":45}},"2":{"start":{"line":5,"column":34},"end":{"line":115,"column":null}},"3":{"start":{"line":6,"column":19},"end":{"line":6,"column":67}},"4":{"start":{"line":12,"column":4},"end":{"line":15,"column":7}},"5":{"start":{"line":16,"column":4},"end":{"line":19,"column":7}},"6":{"start":{"line":20,"column":4},"end":{"line":23,"column":7}},"7":{"start":{"line":27,"column":21},"end":{"line":30,"column":6}},"8":{"start":{"line":31,"column":4},"end":{"line":36,"column":6}},"9":{"start":{"line":40,"column":21},"end":{"line":40,"column":84}},"10":{"start":{"line":41,"column":4},"end":{"line":51,"column":6}},"11":{"start":{"line":42,"column":63},"end":{"line":49,"column":8}},"12":{"start":{"line":55,"column":16},"end":{"line":55,"column":81}},"13":{"start":{"line":56,"column":21},"end":{"line":56,"column":58}},"14":{"start":{"line":57,"column":4},"end":{"line":57,"column":16}},"15":{"start":{"line":61,"column":21},"end":{"line":61,"column":79}},"16":{"start":{"line":62,"column":4},"end":{"line":62,"column":16}},"17":{"start":{"line":67,"column":20},"end":{"line":74,"column":6}},"18":{"start":{"line":75,"column":21},"end":{"line":75,"column":83}},"19":{"start":{"line":76,"column":4},"end":{"line":76,"column":16}},"20":{"start":{"line":80,"column":21},"end":{"line":82,"column":null}},"21":{"start":{"line":84,"column":4},"end":{"line":84,"column":16}},"22":{"start":{"line":88,"column":21},"end":{"line":88,"column":67}},"23":{"start":{"line":89,"column":4},"end":{"line":89,"column":16}},"24":{"start":{"line":93,"column":21},"end":{"line":94,"column":null}},"25":{"start":{"line":96,"column":4},"end":{"line":96,"column":16}},"26":{"start":{"line":100,"column":18},"end":{"line":107,"column":5}},"27":{"start":{"line":101,"column":6},"end":{"line":106,"column":7}},"28":{"start":{"line":102,"column":8},"end":{"line":102,"column":31}},"29":{"start":{"line":103,"column":8},"end":{"line":103,"column":20}},"30":{"start":{"line":105,"column":8},"end":{"line":105,"column":22}},"31":{"start":{"line":108,"column":47},"end":{"line":112,"column":6}},"32":{"start":{"line":113,"column":4},"end":{"line":113,"column":88}},"33":{"start":{"line":5,"column":13},"end":{"line":5,"column":34}},"34":{"start":{"line":5,"column":13},"end":{"line":115,"column":null}}},"fnMap":{"0":{"name":"(anonymous_2)","decl":{"start":{"line":11,"column":2},"end":{"line":11,"column":null}},"loc":{"start":{"line":11,"column":2},"end":{"line":24,"column":3}}},"1":{"name":"(anonymous_3)","decl":{"start":{"line":26,"column":2},"end":{"line":26,"column":7}},"loc":{"start":{"line":26,"column":47},"end":{"line":37,"column":3}}},"2":{"name":"(anonymous_4)","decl":{"start":{"line":39,"column":2},"end":{"line":39,"column":7}},"loc":{"start":{"line":39,"column":35},"end":{"line":52,"column":3}}},"3":{"name":"(anonymous_5)","decl":{"start":{"line":42,"column":50},"end":{"line":42,"column":51}},"loc":{"start":{"line":42,"column":63},"end":{"line":49,"column":8}}},"4":{"name":"(anonymous_6)","decl":{"start":{"line":54,"column":2},"end":{"line":54,"column":7}},"loc":{"start":{"line":54,"column":41},"end":{"line":58,"column":3}}},"5":{"name":"(anonymous_7)","decl":{"start":{"line":60,"column":2},"end":{"line":60,"column":7}},"loc":{"start":{"line":60,"column":36},"end":{"line":63,"column":3}}},"6":{"name":"(anonymous_8)","decl":{"start":{"line":65,"column":2},"end":{"line":65,"column":7}},"loc":{"start":{"line":65,"column":34},"end":{"line":77,"column":3}}},"7":{"name":"(anonymous_9)","decl":{"start":{"line":79,"column":2},"end":{"line":79,"column":7}},"loc":{"start":{"line":79,"column":61},"end":{"line":85,"column":3}}},"8":{"name":"(anonymous_10)","decl":{"start":{"line":87,"column":2},"end":{"line":87,"column":7}},"loc":{"start":{"line":87,"column":22},"end":{"line":90,"column":3}}},"9":{"name":"(anonymous_11)","decl":{"start":{"line":92,"column":2},"end":{"line":92,"column":7}},"loc":{"start":{"line":92,"column":42},"end":{"line":97,"column":3}}},"10":{"name":"(anonymous_12)","decl":{"start":{"line":99,"column":2},"end":{"line":99,"column":7}},"loc":{"start":{"line":99,"column":19},"end":{"line":114,"column":3}}},"11":{"name":"(anonymous_13)","decl":{"start":{"line":100,"column":18},"end":{"line":100,"column":23}},"loc":{"start":{"line":100,"column":64},"end":{"line":107,"column":5}}}},"branchMap":{"0":{"loc":{"start":{"line":13,"column":15},"end":{"line":13,"column":67}},"type":"binary-expr","locations":[{"start":{"line":13,"column":15},"end":{"line":13,"column":40}},{"start":{"line":13,"column":44},"end":{"line":13,"column":67}}]},"1":{"loc":{"start":{"line":17,"column":15},"end":{"line":17,"column":71}},"type":"binary-expr","locations":[{"start":{"line":17,"column":15},"end":{"line":17,"column":42}},{"start":{"line":17,"column":46},"end":{"line":17,"column":71}}]},"2":{"loc":{"start":{"line":21,"column":15},"end":{"line":21,"column":65}},"type":"binary-expr","locations":[{"start":{"line":21,"column":15},"end":{"line":21,"column":39}},{"start":{"line":21,"column":43},"end":{"line":21,"column":65}}]},"3":{"loc":{"start":{"line":29,"column":14},"end":{"line":29,"column":32}},"type":"binary-expr","locations":[{"start":{"line":29,"column":14},"end":{"line":29,"column":20}},{"start":{"line":29,"column":24},"end":{"line":29,"column":32}}]},"4":{"loc":{"start":{"line":35,"column":26},"end":{"line":35,"column":56}},"type":"binary-expr","locations":[{"start":{"line":35,"column":26},"end":{"line":35,"column":50}},{"start":{"line":35,"column":54},"end":{"line":35,"column":56}}]},"5":{"loc":{"start":{"line":39,"column":25},"end":{"line":39,"column":35}},"type":"default-arg","locations":[{"start":{"line":39,"column":33},"end":{"line":39,"column":35}}]},"6":{"loc":{"start":{"line":42,"column":21},"end":{"line":42,"column":44}},"type":"binary-expr","locations":[{"start":{"line":42,"column":21},"end":{"line":42,"column":38}},{"start":{"line":42,"column":42},"end":{"line":42,"column":44}}]},"7":{"loc":{"start":{"line":47,"column":28},"end":{"line":47,"column":55}},"type":"binary-expr","locations":[{"start":{"line":47,"column":28},"end":{"line":47,"column":49}},{"start":{"line":47,"column":53},"end":{"line":47,"column":55}}]},"8":{"loc":{"start":{"line":50,"column":13},"end":{"line":50,"column":28}},"type":"binary-expr","locations":[{"start":{"line":50,"column":13},"end":{"line":50,"column":23}},{"start":{"line":50,"column":27},"end":{"line":50,"column":28}}]},"9":{"loc":{"start":{"line":55,"column":16},"end":{"line":55,"column":81}},"type":"cond-expr","locations":[{"start":{"line":55,"column":25},"end":{"line":55,"column":60}},{"start":{"line":55,"column":63},"end":{"line":55,"column":81}}]}},"s":{"0":3,"1":3,"2":3,"3":24,"4":24,"5":24,"6":24,"7":3,"8":2,"9":3,"10":3,"11":1,"12":2,"13":2,"14":2,"15":2,"16":1,"17":2,"18":2,"19":1,"20":2,"21":1,"22":1,"23":1,"24":2,"25":2,"26":3,"27":9,"28":9,"29":4,"30":5,"31":3,"32":3,"33":3,"34":3},"f":{"0":24,"1":3,"2":3,"3":1,"4":2,"5":2,"6":2,"7":2,"8":1,"9":2,"10":3,"11":9},"b":{"0":[24,24],"1":[24,24],"2":[24,24],"3":[3,2],"4":[2,0],"5":[2],"6":[3,1],"7":[1,0],"8":[3,2],"9":[1,1]}}
}
