TN:
SF:src\app.controller.ts
FN:6,(anonymous_2)
FN:9,(anonymous_3)
FNF:2
FNH:2
FNDA:4,(anonymous_2)
FNDA:3,(anonymous_3)
DA:1,1
DA:2,1
DA:5,1
DA:6,4
DA:9,1
DA:10,3
LF:6
LH:6
BRF:0
BRH:0
end_of_record
TN:
SF:src\app.module.ts
FNF:0
FNH:0
DA:1,1
DA:2,1
DA:3,1
DA:4,1
DA:5,1
DA:18,1
LF:6
LH:6
BRF:0
BRH:0
end_of_record
TN:
SF:src\app.service.ts
FN:5,(anonymous_1)
FNF:1
FNH:1
FNDA:5,(anonymous_1)
DA:1,2
DA:4,2
DA:6,5
LF:3
LH:3
BRF:0
BRH:0
end_of_record
TN:
SF:src\main.ts
FN:4,bootstrap
FNF:1
FNH:0
FNDA:0,bootstrap
DA:1,0
DA:2,0
DA:5,0
DA:7,0
DA:13,0
DA:14,0
DA:15,0
DA:16,0
DA:18,0
LF:9
LH:0
BRDA:13,0,0,0
BRDA:13,0,1,0
BRF:2
BRH:0
end_of_record
TN:
SF:src\resolvers\chilensis.resolver.ts
FN:6,(anonymous_4)
FN:10,(anonymous_5)
FN:16,(anonymous_6)
FN:21,(anonymous_7)
FN:27,(anonymous_8)
FN:32,(anonymous_9)
FN:38,(anonymous_10)
FN:44,(anonymous_11)
FN:53,(anonymous_12)
FN:58,(anonymous_13)
FN:21,(anonymous_14)
FN:59,(anonymous_15)
FNF:12
FNH:10
FNDA:28,(anonymous_4)
FNDA:3,(anonymous_5)
FNDA:3,(anonymous_6)
FNDA:2,(anonymous_7)
FNDA:2,(anonymous_8)
FNDA:2,(anonymous_9)
FNDA:3,(anonymous_10)
FNDA:3,(anonymous_11)
FNDA:2,(anonymous_12)
FNDA:3,(anonymous_13)
FNDA:0,(anonymous_14)
FNDA:0,(anonymous_15)
DA:1,2
DA:2,2
DA:5,2
DA:6,28
DA:10,2
DA:11,3
DA:16,2
DA:17,3
DA:21,2
DA:22,2
DA:27,2
DA:28,2
DA:32,2
DA:33,2
DA:38,2
DA:39,3
DA:44,2
DA:48,3
DA:53,2
DA:54,2
DA:58,2
DA:59,0
DA:62,3
LF:23
LH:22
BRF:0
BRH:0
end_of_record
TN:
SF:src\services\microservicios.service.ts
FN:11,(anonymous_2)
FN:26,(anonymous_3)
FN:39,(anonymous_4)
FN:42,(anonymous_5)
FN:54,(anonymous_6)
FN:60,(anonymous_7)
FN:65,(anonymous_8)
FN:79,(anonymous_9)
FN:87,(anonymous_10)
FN:92,(anonymous_11)
FN:99,(anonymous_12)
FN:100,(anonymous_13)
FNF:12
FNH:12
FNDA:24,(anonymous_2)
FNDA:3,(anonymous_3)
FNDA:3,(anonymous_4)
FNDA:1,(anonymous_5)
FNDA:2,(anonymous_6)
FNDA:2,(anonymous_7)
FNDA:2,(anonymous_8)
FNDA:2,(anonymous_9)
FNDA:1,(anonymous_10)
FNDA:2,(anonymous_11)
FNDA:3,(anonymous_12)
FNDA:9,(anonymous_13)
DA:1,3
DA:2,3
DA:5,3
DA:6,24
DA:12,24
DA:16,24
DA:20,24
DA:27,3
DA:31,2
DA:40,3
DA:41,3
DA:42,1
DA:55,2
DA:56,2
DA:57,2
DA:61,2
DA:62,1
DA:67,2
DA:75,2
DA:76,1
DA:80,2
DA:84,1
DA:88,1
DA:89,1
DA:93,2
DA:96,2
DA:100,3
DA:101,9
DA:102,9
DA:103,4
DA:105,5
DA:108,3
DA:113,3
LF:33
LH:33
BRDA:13,0,0,24
BRDA:13,0,1,24
BRDA:17,1,0,24
BRDA:17,1,1,24
BRDA:21,2,0,24
BRDA:21,2,1,24
BRDA:29,3,0,3
BRDA:29,3,1,2
BRDA:35,4,0,2
BRDA:35,4,1,0
BRDA:39,5,0,2
BRDA:42,6,0,3
BRDA:42,6,1,1
BRDA:47,7,0,1
BRDA:47,7,1,0
BRDA:50,8,0,3
BRDA:50,8,1,2
BRDA:55,9,0,1
BRDA:55,9,1,1
BRF:19
BRH:17
end_of_record
