TN:
SF:src\app.controller.ts
FN:6,(anonymous_2)
FN:9,(anonymous_3)
FNF:2
FNH:2
FNDA:1,(anonymous_2)
FNDA:1,(anonymous_3)
DA:1,1
DA:2,1
DA:5,1
DA:6,1
DA:9,1
DA:10,1
LF:6
LH:6
BRF:0
BRH:0
end_of_record
TN:
SF:src\app.module.ts
FNF:0
FNH:0
DA:1,0
DA:2,0
DA:3,0
DA:4,0
DA:17,0
LF:5
LH:0
BRDA:10,0,0,0
BRDA:10,0,1,0
BRF:2
BRH:0
end_of_record
TN:
SF:src\app.service.ts
FN:5,(anonymous_1)
FNF:1
FNH:1
FNDA:1,(anonymous_1)
DA:1,1
DA:4,1
DA:6,1
LF:3
LH:3
BRF:0
BRH:0
end_of_record
TN:
SF:src\main.ts
FN:5,bootstrap
FNF:1
FNH:0
FNDA:0,bootstrap
DA:1,0
DA:2,0
DA:3,0
DA:6,0
DA:8,0
DA:9,0
DA:11,0
DA:12,0
DA:13,0
DA:15,0
LF:10
LH:0
BRDA:11,0,0,0
BRDA:11,0,1,0
BRF:2
BRH:0
end_of_record
TN:
SF:src\sugerencias\sugerencia.dto.ts
FNF:0
FNH:0
DA:1,1
DA:2,1
DA:4,1
DA:8,1
DA:13,1
DA:17,1
DA:21,1
DA:25,1
DA:29,1
DA:32,1
DA:34,1
LF:11
LH:11
BRF:0
BRH:0
end_of_record
TN:
SF:src\sugerencias\sugerencia.entity.ts
FN:9,(anonymous_2)
FNF:1
FNH:1
FNDA:2,(anonymous_2)
DA:1,2
DA:9,2
DA:10,2
DA:11,2
DA:12,2
DA:16,2
DA:18,2
DA:21,2
DA:24,2
DA:27,2
DA:30,2
DA:33,2
DA:40,2
DA:43,2
DA:46,2
DA:49,2
LF:16
LH:16
BRDA:9,0,0,2
BRDA:9,0,1,2
BRF:2
BRH:2
end_of_record
TN:
SF:src\sugerencias\sugerencias.controller.ts
FN:11,(anonymous_4)
FN:14,(anonymous_5)
FN:19,(anonymous_6)
FN:25,(anonymous_7)
FN:38,(anonymous_8)
FN:43,(anonymous_9)
FN:52,(anonymous_10)
FNF:7
FNH:7
FNDA:7,(anonymous_4)
FNDA:1,(anonymous_5)
FNDA:1,(anonymous_6)
FNDA:1,(anonymous_7)
FNDA:1,(anonymous_8)
FNDA:2,(anonymous_9)
FNDA:1,(anonymous_10)
DA:1,1
DA:5,1
DA:6,1
DA:7,1
DA:10,1
DA:11,7
DA:14,1
DA:15,1
DA:19,1
DA:20,1
DA:25,1
DA:27,1
DA:38,1
DA:39,1
DA:43,1
DA:44,2
DA:45,2
DA:46,1
DA:48,1
DA:52,1
DA:56,1
LF:21
LH:21
BRDA:45,0,0,1
BRF:1
BRH:1
end_of_record
TN:
SF:src\sugerencias\sugerencias.module.ts
FNF:0
FNH:0
DA:1,0
DA:2,0
DA:3,0
DA:4,0
DA:5,0
DA:13,0
LF:6
LH:0
BRF:0
BRH:0
end_of_record
TN:
SF:src\sugerencias\sugerencias.service.ts
FN:9,(anonymous_4)
FN:14,(anonymous_5)
FN:27,(anonymous_6)
FN:35,(anonymous_7)
FN:43,(anonymous_8)
FN:49,(anonymous_9)
FN:57,(anonymous_10)
FNF:7
FNH:7
FNDA:7,(anonymous_4)
FNDA:1,(anonymous_5)
FNDA:2,(anonymous_6)
FNDA:3,(anonymous_7)
FNDA:1,(anonymous_8)
FNDA:1,(anonymous_9)
FNDA:2,(anonymous_10)
DA:1,2
DA:2,2
DA:3,2
DA:4,2
DA:8,2
DA:11,7
DA:15,1
DA:24,1
DA:28,2
DA:29,2
DA:36,3
DA:37,3
DA:38,1
DA:40,2
DA:44,1
DA:45,1
DA:46,1
DA:50,1
DA:57,1
DA:58,2
DA:59,2
LF:21
LH:21
BRDA:28,0,0,1
BRDA:28,0,1,1
BRDA:37,1,0,1
BRF:3
BRH:3
end_of_record
